<?xml version="1.0" encoding="UTF-8"?>
<!-- Generated by org.testng.reporters.JUnitReportReporter -->
<testsuite hostname="LAPTOP-ALOQPR3O" name="Test_Project.Identify_courses" tests="3" failures="0" timestamp="2 Jun 2022 05:13:39 GMT" time="55.510" errors="0">
  <testcase name="testCase1" time="23.623" classname="Test_Project.Identify_courses"/>
  <testcase name="testcase3" time="17.061" classname="Test_Project.Identify_courses"/>
  <testcase name="testCase2" time="14.826" classname="Test_Project.Identify_courses"/>
</testsuite> <!-- Test_Project.Identify_courses -->
